IMLib/build/intermediates/manifest_merge_blame_file/debug/manifest-merger-blame-debug-report.txt
1<?xml version="1.0" encoding="utf-8"?>
2<manifest xmlns:android="http://schemas.android.com/apk/res/android"
3    package="io.rong.imlib" >
4
5    <uses-sdk
6        android:minSdkVersion="19"
6-->xiuxiu_confinement_nurse\IMLib\AndroidManifest.xml
7        android:targetSdkVersion="29" />
7-->xiuxiu_confinement_nurse\IMLib\AndroidManifest.xml
8
9    <!-- 保存图片，拍照等 -->
10    <uses-permission android:name="android.permission.WRITE_EXTERNAL_STORAGE" />
10-->xiuxiu_confinement_nurse\IMLib\AndroidManifest.xml:5:5-81
10-->xiuxiu_confinement_nurse\IMLib\AndroidManifest.xml:5:22-78
11    <!-- 网络 -->
12    <uses-permission android:name="android.permission.INTERNET" />
12-->xiuxiu_confinement_nurse\IMLib\AndroidManifest.xml:7:5-67
12-->xiuxiu_confinement_nurse\IMLib\AndroidManifest.xml:7:22-64
13    <uses-permission android:name="android.permission.ACCESS_NETWORK_STATE" />
13-->xiuxiu_confinement_nurse\IMLib\AndroidManifest.xml:8:5-79
13-->xiuxiu_confinement_nurse\IMLib\AndroidManifest.xml:8:22-76
14    <uses-permission android:name="android.permission.ACCESS_WIFI_STATE" />
14-->xiuxiu_confinement_nurse\IMLib\AndroidManifest.xml:9:5-76
14-->xiuxiu_confinement_nurse\IMLib\AndroidManifest.xml:9:22-73
15    <!-- 消息通道保活 -->
16    <uses-permission android:name="android.permission.WAKE_LOCK" />
16-->xiuxiu_confinement_nurse\IMLib\AndroidManifest.xml:11:5-68
16-->xiuxiu_confinement_nurse\IMLib\AndroidManifest.xml:11:22-65
17
18    <!-- 定位，如果您需要定位相关的功能，可以打开以下注释 -->
19    <!-- <uses-permission android:name="android.permission.ACCESS_FINE_LOCATION" /> -->
20    <application>
20-->xiuxiu_confinement_nurse\IMLib\AndroidManifest.xml:15:5-57:19
21
22        <!-- imlib config begin -->
23        <service
23-->xiuxiu_confinement_nurse\IMLib\AndroidManifest.xml:18:9-20:38
24            android:name="io.rong.imlib.ipc.RongService"
24-->xiuxiu_confinement_nurse\IMLib\AndroidManifest.xml:19:13-57
25            android:process=":ipc" />
25-->xiuxiu_confinement_nurse\IMLib\AndroidManifest.xml:20:13-35
26
27        <receiver android:name="io.rong.imlib.ConnectChangeReceiver" />
27-->xiuxiu_confinement_nurse\IMLib\AndroidManifest.xml:22:9-72
27-->xiuxiu_confinement_nurse\IMLib\AndroidManifest.xml:22:19-69
28        <receiver
28-->xiuxiu_confinement_nurse\IMLib\AndroidManifest.xml:24:9-26:38
29            android:name="io.rong.imlib.HeartbeatReceiver"
29-->xiuxiu_confinement_nurse\IMLib\AndroidManifest.xml:25:13-59
30            android:process=":ipc" />
30-->xiuxiu_confinement_nurse\IMLib\AndroidManifest.xml:26:13-35
31        <!-- imlib config end -->
32
33
34        <!-- 必选： SDK 核心功能 -->
35        <service
35-->xiuxiu_confinement_nurse\IMLib\AndroidManifest.xml:30:9-34:46
36            android:name="io.rong.push.rongpush.PushService"
36-->xiuxiu_confinement_nurse\IMLib\AndroidManifest.xml:31:13-61
37            android:exported="true"
37-->xiuxiu_confinement_nurse\IMLib\AndroidManifest.xml:32:13-36
38            android:permission="android.permission.BIND_JOB_SERVICE"
38-->xiuxiu_confinement_nurse\IMLib\AndroidManifest.xml:33:13-69
39            android:process="io.rong.push" />
39-->xiuxiu_confinement_nurse\IMLib\AndroidManifest.xml:34:13-43
40
41        <!-- push 相关事件接收器 -->
42        <receiver
42-->xiuxiu_confinement_nurse\IMLib\AndroidManifest.xml:37:9-52:20
43            android:name="io.rong.push.rongpush.PushReceiver"
43-->xiuxiu_confinement_nurse\IMLib\AndroidManifest.xml:38:13-62
44            android:process="io.rong.push" > <!-- 此处进程可以改名，名称需要和PushService所在进程统一 -->
44-->xiuxiu_confinement_nurse\IMLib\AndroidManifest.xml:39:13-43
45            <!-- 心跳事件和网络切换事件监听,必须 -->
46            <intent-filter>
46-->xiuxiu_confinement_nurse\IMLib\AndroidManifest.xml:41:13-44:29
47                <action android:name="io.rong.push.intent.action.HEART_BEAT" />
47-->xiuxiu_confinement_nurse\IMLib\AndroidManifest.xml:42:17-80
47-->xiuxiu_confinement_nurse\IMLib\AndroidManifest.xml:42:25-77
48                <action android:name="android.net.conn.CONNECTIVITY_CHANGE" />
48-->xiuxiu_confinement_nurse\IMLib\AndroidManifest.xml:43:17-79
48-->xiuxiu_confinement_nurse\IMLib\AndroidManifest.xml:43:25-76
49            </intent-filter>
50
51            <!-- 部分用户事件监听, 用来提高推送拉活率; 可移除 -->
52            <intent-filter>
52-->xiuxiu_confinement_nurse\IMLib\AndroidManifest.xml:47:13-51:29
53                <action android:name="android.intent.action.USER_PRESENT" />
53-->xiuxiu_confinement_nurse\IMLib\AndroidManifest.xml:48:17-77
53-->xiuxiu_confinement_nurse\IMLib\AndroidManifest.xml:48:25-74
54                <action android:name="android.intent.action.ACTION_POWER_CONNECTED" />
54-->xiuxiu_confinement_nurse\IMLib\AndroidManifest.xml:49:17-87
54-->xiuxiu_confinement_nurse\IMLib\AndroidManifest.xml:49:25-84
55                <action android:name="android.intent.action.ACTION_POWER_DISCONNECTED" />
55-->xiuxiu_confinement_nurse\IMLib\AndroidManifest.xml:50:17-90
55-->xiuxiu_confinement_nurse\IMLib\AndroidManifest.xml:50:25-87
56            </intent-filter>
57        </receiver>
58
59        <!-- 必选： SDK 核心功能 -->
60
61
62        <!-- end -->
63    </application>
64
65</manifest>